# JRE version: OpenJDK Runtime Environment (11.0.10) (build 11.0.10+0-b96-7249189)
# Java VM: OpenJDK 64-Bit Server VM (11.0.10+0-b96-7249189, mixed mode, tiered, compressed oops, g1 gc, windows-amd64)
Heap:
 garbage-first heap   total 262144K, used 54714K [0x0000000080000000, 0x0000000100000000)
  region size 1024K, 22 young (22528K), 20 survivors (20480K)
 Metaspace       used 71373K, capacity 73097K, committed 73380K, reserved 1114112K
  class space    used 9206K, capacity 9804K, committed 9856K, reserved 1048576K
GC Heap History (12 events):
Event: 1.230 GC heap before
{Heap before GC invocations=0 (full 0):
 garbage-first heap   total 262144K, used 29696K [0x0000000080000000, 0x0000000100000000)
  region size 1024K, 24 young (24576K), 0 survivors (0K)
 Metaspace       used 9817K, capacity 9998K, committed 10112K, reserved 1058816K
  class space    used 1023K, capacity 1102K, committed 1152K, reserved 1048576K
}
Event: 1.240 GC heap after
{Heap after GC invocations=1 (full 0):
 garbage-first heap   total 262144K, used 9149K [0x0000000080000000, 0x0000000100000000)
  region size 1024K, 3 young (3072K), 3 survivors (3072K)
 Metaspace       used 9817K, capacity 9998K, committed 10112K, reserved 1058816K
  class space    used 1023K, capacity 1102K, committed 1152K, reserved 1048576K
}
Event: 3.939 GC heap before
{Heap before GC invocations=1 (full 0):
 garbage-first heap   total 262144K, used 105405K [0x0000000080000000, 0x0000000100000000)
  region size 1024K, 98 young (100352K), 3 survivors (3072K)
 Metaspace       used 20633K, capacity 21162K, committed 21296K, reserved 1069056K
  class space    used 2513K, capacity 2688K, committed 2688K, reserved 1048576K
}
Event: 3.954 GC heap after
{Heap after GC invocations=2 (full 0):
 garbage-first heap   total 262144K, used 16330K [0x0000000080000000, 0x0000000100000000)
  region size 1024K, 11 young (11264K), 11 survivors (11264K)
 Metaspace       used 20633K, capacity 21162K, committed 21296K, reserved 1069056K
  class space    used 2513K, capacity 2688K, committed 2688K, reserved 1048576K
}
Event: 4.323 GC heap before
{Heap before GC invocations=3 (full 0):
 garbage-first heap   total 262144K, used 40906K [0x0000000080000000, 0x0000000100000000)
  region size 1024K, 35 young (35840K), 11 survivors (11264K)
 Metaspace       used 22723K, capacity 23263K, committed 23600K, reserved 1069056K
  class space    used 2889K, capacity 3073K, committed 3200K, reserved 1048576K
}
Event: 4.330 GC heap after
{Heap after GC invocations=4 (full 0):
 garbage-first heap   total 262144K, used 17798K [0x0000000080000000, 0x0000000100000000)
  region size 1024K, 2 young (2048K), 2 survivors (2048K)
 Metaspace       used 22723K, capacity 23263K, committed 23600K, reserved 1069056K
  class space    used 2889K, capacity 3073K, committed 3200K, reserved 1048576K
}
Event: 6.369 GC heap before
{Heap before GC invocations=4 (full 0):
 garbage-first heap   total 262144K, used 103814K [0x0000000080000000, 0x0000000100000000)
  region size 1024K, 88 young (90112K), 2 survivors (2048K)
 Metaspace       used 34835K, capacity 35618K, committed 35708K, reserved 1081344K
  class space    used 4531K, capacity 4832K, committed 4864K, reserved 1048576K
}
Event: 6.379 GC heap after
{Heap after GC invocations=5 (full 0):
 garbage-first heap   total 262144K, used 22627K [0x0000000080000000, 0x0000000100000000)
  region size 1024K, 6 young (6144K), 6 survivors (6144K)
 Metaspace       used 34835K, capacity 35618K, committed 35708K, reserved 1081344K
  class space    used 4531K, capacity 4832K, committed 4864K, reserved 1048576K
}
Event: 9.304 GC heap before
{Heap before GC invocations=6 (full 0):
 garbage-first heap   total 262144K, used 161891K [0x0000000080000000, 0x0000000100000000)
  region size 1024K, 139 young (142336K), 6 survivors (6144K)
 Metaspace       used 45874K, capacity 47035K, committed 47228K, reserved 1089536K
  class space    used 5880K, capacity 6302K, committed 6400K, reserved 1048576K
}
Event: 9.315 GC heap after
{Heap after GC invocations=7 (full 0):
 garbage-first heap   total 262144K, used 29701K [0x0000000080000000, 0x0000000100000000)
  region size 1024K, 13 young (13312K), 13 survivors (13312K)
 Metaspace       used 45874K, capacity 47035K, committed 47228K, reserved 1089536K
  class space    used 5880K, capacity 6302K, committed 6400K, reserved 1048576K
}
Event: 12.573 GC heap before
{Heap before GC invocations=7 (full 0):
 garbage-first heap   total 262144K, used 151557K [0x0000000080000000, 0x0000000100000000)
  region size 1024K, 129 young (132096K), 13 survivors (13312K)
 Metaspace       used 58391K, capacity 59843K, committed 59940K, reserved 1101824K
  class space    used 7364K, capacity 7907K, committed 7936K, reserved 1048576K
}
Event: 12.604 GC heap after
{Heap after GC invocations=8 (full 0):
 garbage-first heap   total 262144K, used 43303K [0x0000000080000000, 0x0000000100000000)
  region size 1024K, 17 young (17408K), 17 survivors (17408K)
 Metaspace       used 58391K, capacity 59843K, committed 59940K, reserved 1101824K
  class space    used 7364K, capacity 7907K, committed 7936K, reserved 1048576K
}

